  PC-RUN.cpp
C:\Projects\pc\PC-RUN\PC-RUN\util.h(9,24): warning C4018: '<': signed/unsigned mismatch
C:\Projects\pc\PC-RUN\PC-RUN\util.h(17,24): warning C4018: '<': signed/unsigned mismatch
C:\Projects\pc\PC-RUN\PC-RUN\util.h(19,28): warning C4018: '<': signed/unsigned mismatch
C:\Projects\pc\PC-RUN\PC-RUN\task1.h(12,28): warning C4018: '<': signed/unsigned mismatch
C:\Projects\pc\PC-RUN\PC-RUN\task1.h(15,32): warning C4018: '<': signed/unsigned mismatch
C:\Projects\pc\PC-RUN\PC-RUN\task1.h(41,24): warning C4018: '<': signed/unsigned mismatch
C:\Projects\pc\PC-RUN\PC-RUN\task1.h(44,28): warning C4018: '<': signed/unsigned mismatch
C:\Projects\pc\PC-RUN\PC-RUN\task2.h(24,28): warning C4018: '<': signed/unsigned mismatch
C:\Projects\pc\PC-RUN\PC-RUN\task2.h(50,28): warning C4018: '<': signed/unsigned mismatch
C:\Projects\pc\PC-RUN\PC-RUN\task2.h(61,24): warning C4018: '<': signed/unsigned mismatch
C:\Projects\pc\PC-RUN\PC-RUN\task3.h(15,24): warning C4018: '<': signed/unsigned mismatch
C:\Projects\pc\PC-RUN\PC-RUN\task3.h(19,28): warning C4018: '<': signed/unsigned mismatch
C:\Projects\pc\PC-RUN\PC-RUN\task3.h(35,24): warning C4018: '<': signed/unsigned mismatch
C:\Projects\pc\PC-RUN\PC-RUN\task3.h(39,28): warning C4018: '<': signed/unsigned mismatch
C:\Projects\pc\PC-RUN\PC-RUN\task3.h(53,24): warning C4018: '<': signed/unsigned mismatch
C:\Projects\pc\PC-RUN\PC-RUN\task3.h(58,24): warning C4018: '<': signed/unsigned mismatch
C:\Projects\pc\PC-RUN\PC-RUN\task3.h(61,28): warning C4018: '<': signed/unsigned mismatch
C:\Projects\pc\PC-RUN\PC-RUN\task3.h(75,24): warning C4018: '<': signed/unsigned mismatch
C:\Projects\pc\PC-RUN\PC-RUN\task3.h(99,36): warning C4018: '<': signed/unsigned mismatch
C:\Projects\pc\PC-RUN\PC-RUN\task3.h(101,40): warning C4018: '<': signed/unsigned mismatch
C:\Projects\pc\PC-RUN\PC-RUN\task5.h(43,26): warning C4018: '<': signed/unsigned mismatch
C:\Projects\pc\PC-RUN\PC-RUN\task5.h(64,26): warning C4806: '==': unsafe operation: no value of type 'const bool' promoted to type 'int' can equal the given constant
C:\Projects\pc\PC-RUN\PC-RUN\task5.h(85,26): warning C4806: '==': unsafe operation: no value of type 'const bool' promoted to type 'int' can equal the given constant
C:\Projects\pc\PC-RUN\PC-RUN\task5.h(113,57): warning C4244: 'argument': conversion from 'double' to 'const int', possible loss of data
  Generating code
  4 of 30 functions (13.3%) were compiled, the rest were copied from previous compilation.
    1 functions were new in current compilation
    0 functions had inline decision re-evaluated but remain unchanged
  Finished generating code
  PC-RUN.vcxproj -> C:\Projects\pc\PC-RUN\Release\PC-RUN.exe
